#
# There is insufficient memory for the Java Runtime Environment to continue.
# Native memory allocation (mmap) failed to map 65536 bytes. Error detail: Failed to commit metaspace.
# Possible reasons:
#   The system is out of physical RAM or swap space
#   This process is running with CompressedOops enabled, and the Java Heap may be blocking the growth of the native heap
# Possible solutions:
#   Reduce memory load on the system
#   Increase physical memory or swap space
#   Check if swap backing store is full
#   Decrease Java heap size (-Xmx/-Xms)
#   Decrease number of Java threads
#   Decrease Java thread stack sizes (-Xss)
#   Set larger code cache with -XX:ReservedCodeCacheSize=
#   JVM is running with Unscaled Compressed Oops mode in which the Java heap is
#     placed in the first 4GB address space. The Java Heap base address is the
#     maximum limit for the native heap growth. Please use -XX:HeapBaseMinAddress
#     to set the Java Heap base and to place the Java Heap above 4GB virtual address.
# This output file may be truncated or incomplete.
#
#  Out of Memory Error (virtualSpaceNode.cpp:110), pid=26036, tid=18748
#
# JRE version: OpenJDK Runtime Environment JBR-17.0.11+1-1207.24-jcef (17.0.11+1) (build 17.0.11+1-b1207.24)
# Java VM: OpenJDK 64-Bit Server VM JBR-17.0.11+1-1207.24-jcef (17.0.11+1-b1207.24, mixed mode, tiered, compressed oops, compressed class ptrs, g1 gc, windows-amd64)
# No core dump will be written. Minidumps are not enabled by default on client versions of Windows
#

---------------  S U M M A R Y ------------

Command Line: git4idea.http.GitAskPassApp Username for 'https://github.com': 

Host: Intel(R) Core(TM) i5-6300HQ CPU @ 2.30GHz, 4 cores, 5G,  Windows 10 , 64 bit Build 19041 (10.0.19041.4597)
Time: Tue Aug  6 21:59:15 2024 Paris, Madrid (heure duild 19041 (10.0.19041.4597) elapsed time: 1.281620 seconds (0d 0h 0m 1s)

---------------  T H R E A D  ---------------

Current thread (0x0000026243803ec0):  JavaThread "main" [_thread_in_vm, id=18748, stack(0x000000f3f9d00000,0x000000f3f9e00000)]

Stack: [0x000000f3f9d00000,0x000000f3f9e00000]
Native frames: (J=compiled Java code, j=interpreted, Vv=VM code, C=native code)
V  [jvm.dll+0x6877f9]
V  [jvm.dll+0x8411aa]
V  [jvm.dll+0x842e2e]
V  [jvm.dll+0x843493]
V  [jvm.dll+0x249fdf]
V  [jvm.dll+0x83c03b]
V  [jvm.dll+0x62bc86]
V  [jvm.dll+0x62bcea]
V  [jvm.dll+0x62e51a]
V  [jvm.dll+0x62c626]
V  [jvm.dll+0x23dbef]
V  [jvm.dll+0x6364b5]
V  [jvm.dll+0x1ece6b]
V  [jvm.dll+0x1ed3a5]
V  [jvm.dll+0x1edd45]
V  [jvm.dll+0x1e31fc]
V  [jvm.dll+0x54c22c]
V  [jvm.dll+0x1f3d7b]
V  [jvm.dll+0x7b975b]
V  [jvm.dll+0x7babc9]
V  [jvm.dll+0x7bb443]
V  [jvm.dll+0x1ee1b4]
V  [jvm.dll+0x1e3215]
V  [jvm.dll+0x54c22c]
V  [jvm.dll+0x1f3d7b]
V  [jvm.dll+0x7b975b]
V  [jvm.dll+0x7babc9]
V  [jvm.dll+0x7bb443]
V  [jvm.dll+0x1ee1b4]
V  [jvm.dll+0x1e3215]
V  [jvm.dll+0x54c22c]
V  [jvm.dll+0x1f3d7b]
V  [jvm.dll+0x7b975b]
V  [jvm.dll+0x7babc9]
V  [jvm.dll+0x7baf18]
V  [jvm.dll+0x241a0e]
V  [jvm.dll+0x385eae]
C  0x000002624e4db75b

The last pc belongs to new (printed below).
Java frames: (J=compiled Java code, j=interpreted, Vv=VM code)
j  sun.nio.ch.FileChannelImpl.<init>(Ljava/io/FileDescriptor;Ljava/lang/String;ZZZLjava/lang/Object;)V+61 java.base@17.0.11
j  sun.nio.ch.FileChannelImpl.open(Ljava/io/FileDescriptor;Ljava/lang/String;ZZZLjava/lang/Object;)Ljava/nio/channels/FileChannel;+12 java.base@17.0.11
j  sun.nio.fs.WindowsChannelFactory.newFileChannel(Ljava/lang/String;Ljava/lang/String;Ljava/util/Set;J)Ljava/nio/channels/FileChannel;+126 java.base@17.0.11
j  sun.nio.fs.WindowsFileSystemProvider.newByteChannel(Ljava/nio/file/Path;Ljava/util/Set;[Ljava/nio/file/attribute/FileAttribute;)Ljava/nio/channels/SeekableByteChannel;+28 java.base@17.0.11
j  java.nio.file.Files.newByteChannel(Ljava/nio/file/Path;Ljava/util/Set;[Ljava/nio/file/attribute/FileAttribute;)Ljava/nio/channels/SeekableByteChannel;+7 java.base@17.0.11
j  java.nio.file.Files.newByteChannel(Ljava/nio/file/Path;[Ljava/nio/file/OpenOption;)Ljava/nio/channels/SeekableByteChannel;+32 java.base@17.0.11
j  java.nio.file.spi.FileSystemProvider.newInputStream(Ljava/nio/file/Path;[Ljava/nio/file/OpenOption;)Ljava/io/InputStream;+84 java.base@17.0.11
j  java.nio.file.Files.newInputStream(Ljava/nio/file/Path;[Ljava/nio/file/OpenOption;)Ljava/io/InputStream;+6 java.base@17.0.11
j  javax.crypto.JceSecurity.setupJurisdictionPolicies()V+319 java.base@17.0.11
j  javax.crypto.JceSecurity$1.run()Ljava/lang/Void;+0 java.base@17.0.11
j  javax.crypto.JceSecurity$1.run()Ljava/lang/Object;+1 java.base@17.0.11
j  java.security.AccessController.executePrivileged(Ljava/security/PrivilegedExceptionAction;Ljava/security/AccessControlContext;Ljava/lang/Class;)Ljava/lang/Object;+29 java.base@17.0.11
j  java.security.AccessController.doPrivileged(Ljava/security/PrivilegedExceptionAction;)Ljava/lang/Object;+9 java.base@17.0.11
j  javax.crypto.JceSecurity.<clinit>()V+54 java.base@17.0.11
v  ~StubRoutines::call_stub
j  javax.crypto.Cipher.getInstance(Ljava/lang/String;)Ljavax/crypto/Cipher;+134 java.base@17.0.11
j  sun.security.ssl.SSLCipher.isTransformationAvailable(Ljava/lang/String;)Z+12 java.base@17.0.11
j  sun.security.ssl.SSLCipher.<init>(Ljava/lang/String;ILjava/lang/String;Lsun/security/ssl/CipherType;IIIIZZ[Ljava/util/Map$Entry;[Ljava/util/Map$Entry;)V+124 java.base@17.0.11
j  sun.security.ssl.SSLCipher.<clinit>()V+182 java.base@17.0.11
v  ~StubRoutines::call_stub
j  sun.security.ssl.CipherSuite.<clinit>()V+18 java.base@17.0.11
v  ~StubRoutines::call_stub
j  sun.security.ssl.SSLContextImpl.getApplicableSupportedCipherSuites(Ljava/util/List;)Ljava/util/List;+0 java.base@17.0.11
j  sun.security.ssl.SSLContextImpl$AbstractTLSContext.<clinit>()V+84 java.base@17.0.11
v  ~StubRoutines::call_stub
j  java.lang.Class.forName0(Ljava/lang/String;ZLjava/lang/ClassLoader;Ljava/lang/Class;)Ljava/lang/Class;+0 java.base@17.0.11
j  java.lang.Class.forName(Ljava/lang/String;)Ljava/lang/Class;+11 java.base@17.0.11
j  java.security.Provider$Service.getImplClass()Ljava/lang/Class;+64 java.base@17.0.11
j  java.security.Provider$Service.getDefaultConstructor()Ljava/lang/reflect/Constructor;+46 java.base@17.0.11
j  java.security.Provider$Service.newInstanceOf()Ljava/lang/Object;+1 java.base@17.0.11
j  java.security.Provider$Service.newInstanceUtil(Ljava/lang/Class;Ljava/lang/Object;)Ljava/lang/Object;+5 java.base@17.0.11
j  java.security.Provider$Service.newInstance(Ljava/lang/Object;)Ljava/lang/Object;+227 java.base@17.0.11
j  sun.security.jca.GetInstance.getInstance(Ljava/security/Provider$Service;Ljava/lang/Class;)Lsun/security/jca/GetInstance$Instance;+2 java.base@17.0.11
j  sun.security.jca.GetInstance.getInstance(Ljava/lang/String;Ljava/lang/Class;Ljava/lang/String;)Lsun/security/jca/GetInstance$Instance;+56 java.base@17.0.11
j  javax.net.ssl.SSLContext.getInstance(Ljava/lang/String;)Ljavax/net/ssl/SSLContext;+12 java.base@17.0.11
j  externalApp.ExternalAppUtil.sendIdeRequest(Ljava/lang/String;ILjava/lang/String;Ljava/lang/String;)LexternalApp/ExternalAppUtil$Result;+34
j  git4idea.http.GitAskPassApp.main([Ljava/lang/String;)V+37
v  ~StubRoutines::call_stub
new  187 new  [0x000002624e4db5c0, 0x000002624e4db7e0]  544 bytes
[MachCode]
  0x000002624e4db5c0: 4883 ec08 | c5fa 1104 | 24eb 1f48 | 83ec 10c5 | fb11 0424 | eb14 4883 | ec10 4889 | 0424 48c7 
  0x000002624e4db5e0: 4424 0800 | 0000 00eb | 0150 410f | b755 010f | cac1 ea10 | 488b 4de8 | 488b 4908 | 488b 4908 
  0x000002624e4db600: 488b 4108 | 807c 1004 | 070f 85d6 | 0000 0066 | 8b54 d148 | 488b 4928 | 488b 4cd1 | 0851 80b9 
  0x000002624e4db620: 5b01 0000 | 040f 85b9 | 0000 008b | 5108 f7c2 | 0100 0000 | 0f85 aa00 | 0000 498b | 8708 0100 
  0x000002624e4db640: 0048 8d1c | 1049 3b9f | 1801 0000 | 0f87 9200 | 0000 4989 | 9f08 0100 | 00e9 0000 | 0000 4883 
  0x000002624e4db660: ea10 0f84 | 0f00 0000 | 33c9 c1ea | 0348 894c | d008 48ff | ca75 f648 | c700 0100 | 0000 5933 
  0x000002624e4db680: f689 700c | 48c1 e903 | 8948 0849 | ba69 3a66 | f1fd 7f00 | 0041 803a | 000f 8440 | 0000 0050 
  0x000002624e4db6a0: 488b c848 | 83ec 20f7 | c40f 0000 | 000f 841a | 0000 0048 | 83ec 0849 | ba10 e21b | f1fd 7f00 
  0x000002624e4db6c0: 0041 ffd2 | 4883 c408 | e90d 0000 | 0049 ba10 | e21b f1fd | 7f00 0041 | ffd2 4883 | c420 58e9 
  0x000002624e4db6e0: cd00 0000 | 5948 8b55 | e848 8b52 | 0848 8b52 | 0845 0fb7 | 4501 410f | c841 c1e8 | 10e8 0500 
  0x000002624e4db700: 0000 e9aa | 0000 0048 | 8d44 2408 | 4c89 6dc0 | 498b cfc5 | f877 4989 | afa8 0200 | 0049 8987 
  0x000002624e4db720: 9802 0000 | 4883 ec20 | f7c4 0f00 | 0000 0f84 | 1a00 0000 | 4883 ec08 | 49ba 605e | e5f0 fd7f 
  0x000002624e4db740: 0000 41ff | d248 83c4 | 08e9 0d00 | 0000 49ba | 605e e5f0 | fd7f 0000 | 41ff d248 | 83c4 2049 
  0x000002624e4db760: c787 9802 | 0000 0000 | 0000 49c7 | 87a8 0200 | 0000 0000 | 0049 c787 | a002 0000 | 0000 0000 
  0x000002624e4db780: c5f8 7749 | 817f 0800 | 0000 000f | 8405 0000 | 00e9 6a57 | feff 498b | 87f0 0200 | 0049 c787 
  0x000002624e4db7a0: f002 0000 | 0000 0000 | 4c8b 6dc0 | 4c8b 75c8 | c341 0fb6 | 5d03 4983 | c503 49ba | 40a7 68f1 
  0x000002624e4db7c0: fd7f 0000 | 41ff 24da | 0000 0000 | 0000 0000 | 0000 0000 | 0000 0000 | 0000 0000 | 0000 0000 
[/MachCode]

---------------  P R O C E S S  ---------------

Threads class SMR info:
_java_thread_list=0x0000026260165300, length=12, elements={
0x0000026243803ec0, 0x000002625bcc8620, 0x000002625bcc93b0, 0x000002625bcf8680,
0x000002625bcf9150, 0x000002625bcb15f0, 0x000002625bcb1ec0, 0x000002625bcb2ac0,
0x000002625bcb33d0, 0x000002626000d580, 0x000002626017df50, 0x000002626018bab0
}

Java Threads: ( => current thread )
=>0x0000026243803ec0 JavaThread "main" [_thread_in_vm, id=18748, stack(0x000000f3f9d00000,0x000000f3f9e00000)]
  0x000002625bcc8620 JavaThread "Reference Handler" daemon [_thread_blocked, id=28304, stack(0x000000f3fa400000,0x000000f3fa500000)]
  0x000002625bcc93b0 JavaThread "Finalizer" daemon [_thread_blocked, id=3088, stack(0x000000f3fa500000,0x000000f3fa600000)]
  0x000002625bcf8680 JavaThread "Signal Dispatcher" daemon [_thread_blocked, id=27484, stack(0x000000f3fa600000,0x000000f3fa700000)]
  0x000002625bcf9150 JavaThread "Attach Listener" daemon [_thread_blocked, id=13784, stack(0x000000f3fa700000,0x000000f3fa800000)]
  0x000002625bcb15f0 JavaThread "Service Thread" daemon [_thread_blocked, id=15636, stack(0x000000f3fa800000,0x000000f3fa900000)]
  0x000002625bcb1ec0 JavaThread "Monitor Deflation Thread" daemon [_thread_blocked, id=10524, stack(0x000000f3fa900000,0x000000f3faa00000)]
  0x000002625bcb2ac0 JavaThread "C2 CompilerThread0" daemon [_thread_blocked, id=20596, stack(0x000000f3faa00000,0x000000f3fab00000)]
  0x000002625bcb33d0 JavaThread "C1 CompilerThread0" daemon [_thread_blocked, id=9616, stack(0x000000f3fab00000,0x000000f3fac00000)]
  0x000002626000d580 JavaThread "Sweeper thread" daemon [_thread_blocked, id=25644, stack(0x000000f3fac00000,0x000000f3fad00000)]
  0x000002626017df50 JavaThread "Notification Thread" daemon [_thread_blocked, id=26636, stack(0x000000f3fad00000,0x000000f3fae00000)]
  0x000002626018bab0 JavaThread "Common-Cleaner" daemon [_thread_blocked, id=12388, stack(0x000000f3faf00000,0x000000f3fb000000)]

Other Threads:
  0x000002625bca5520 VMThread "VM Thread" [stack: 0x000000f3fa300000,0x000000f3fa400000] [id=16312]
  0x000002626012f740 WatcherThread [stack: 0x000000f3fae00000,0x000000f3faf00000] [id=3028]
  0x000002624384ddc0 GCTaskThread "GC Thread#0" [stack: 0x000000f3f9e00000,0x000000f3f9f00000] [id=21912]
  0x000002624385b8f0 ConcurrentGCThread "G1 Main Marker" [stack: 0x000000f3f9f00000,0x000000f3fa000000] [id=12748]
  0x000002624385c220 ConcurrentGCThread "G1 Conc#0" [stack: 0x000000f3fa000000,0x000000f3fa100000] [id=20728]
  0x00000262438bb7c0 ConcurrentGCThread "G1 Refine#0" [stack: 0x000000f3fa100000,0x000000f3fa200000] [id=2984]
  0x00000262438bc100 ConcurrentGCThread "G1 Service" [stack: 0x000000f3fa200000,0x000000f3fa300000] [id=17352]

Threads with active compile tasks:

VM state: not at safepoint (normal execution)

VM Mutex/Monitor currently owned by a thread:  ([mutex/lock_event])
[0x00000262437ffba0] Metaspace_lock - owner thread: 0x0000026243803ec0

Heap address: 0x00000000a1a00000, size: 1510 MB, Compressed Oops mode: 32-bit

CDS archive(s) not mapped
Compressed class space mapped at: 0x0000000100000000-0x0000000140000000, reserved size: 1073741824
Narrow klass base: 0x0000000000000000, Narrow klass shift: 3, Narrow klass range: 0x140000000

GC Precious Log:
 CPUs: 4 total, 4 available
 Memory: 6033M
 Large Page Support: Disabled
 NUMA Support: Disabled
 Compressed Oops: Enabled (32-bit)
 Heap Region Size: 1M
 Heap Min Capacity: 8M
 Heap Initial Capacity: 96M
 Heap Max Capacity: 1510M
 Pre-touch: Disabled
 Parallel Workers: 4
 Concurrent Workers: 1
 Concurrent Refinement Workers: 4
 Periodic GC: Disabled

Heap:
 garbage-first heap   total 98304K, used 3072K [0x00000000a1a00000, 0x0000000100000000)
  region size 1024K, 4 young (4096K), 0 survivors (0K)
 Metaspace       used 8430K, committed 8576K, reserved 1114112K
  class space    used 751K, committed 832K, reserved 1048576K

Heap Regions: E=young(eden), S=young(survivor), O=old, HS=humongous(starts), HC=humongous(continues), CS=collection set, F=free, OA=open archive, CA=closed archive, TAMS=top-at-mark-start (previous, next)
|   0|0x00000000a1a00000, 0x00000000a1a00000, 0x00000000a1b00000|  0%| F|  |TAMS 0x00000000a1a00000, 0x00000000a1a00000| Untracked 
|   1|0x00000000a1b00000, 0x00000000a1b00000, 0x00000000a1c00000|  0%| F|  |TAMS 0x00000000a1b00000, 0x00000000a1b00000| Untracked 
|   2|0x00000000a1c00000, 0x00000000a1c00000, 0x00000000a1d00000|  0%| F|  |TAMS 0x00000000a1c00000, 0x00000000a1c00000| Untracked 
|   3|0x00000000a1d00000, 0x00000000a1d00000, 0x00000000a1e00000|  0%| F|  |TAMS 0x00000000a1d00000, 0x00000000a1d00000| Untracked 
|   4|0x00000000a1e00000, 0x00000000a1e00000, 0x00000000a1f00000|  0%| F|  |TAMS 0x00000000a1e00000, 0x00000000a1e00000| Untracked 
|   5|0x00000000a1f00000, 0x00000000a1f00000, 0x00000000a2000000|  0%| F|  |TAMS 0x00000000a1f00000, 0x00000000a1f00000| Untracked 
|   6|0x00000000a2000000, 0x00000000a2000000, 0x00000000a2100000|  0%| F|  |TAMS 0x00000000a2000000, 0x00000000a2000000| Untracked 
|   7|0x00000000a2100000, 0x00000000a2100000, 0x00000000a2200000|  0%| F|  |TAMS 0x00000000a2100000, 0x00000000a2100000| Untracked 
|   8|0x00000000a2200000, 0x00000000a2200000, 0x00000000a2300000|  0%| F|  |TAMS 0x00000000a2200000, 0x00000000a2200000| Untracked 
|   9|0x00000000a2300000, 0x00000000a2300000, 0x00000000a2400000|  0%| F|  |TAMS 0x00000000a2300000, 0x00000000a2300000| Untracked 
|  10|0x00000000a2400000, 0x00000000a2400000, 0x00000000a2500000|  0%| F|  |TAMS 0x00000000a2400000, 0x00000000a2400000| Untracked 
|  11|0x00000000a2500000, 0x00000000a2500000, 0x00000000a2600000|  0%| F|  |TAMS 0x00000000a2500000, 0x00000000a2500000| Untracked 
|  12|0x00000000a2600000, 0x00000000a2600000, 0x00000000a2700000|  0%| F|  |TAMS 0x00000000a2600000, 0x00000000a2600000| Untracked 
|  13|0x00000000a2700000, 0x00000000a2700000, 0x00000000a2800000|  0%| F|  |TAMS 0x00000000a2700000, 0x00000000a2700000| Untracked 
|  14|0x00000000a2800000, 0x00000000a2800000, 0x00000000a2900000|  0%| F|  |TAMS 0x00000000a2800000, 0x00000000a2800000| Untracked 
|  15|0x00000000a2900000, 0x00000000a2900000, 0x00000000a2a00000|  0%| F|  |TAMS 0x00000000a2900000, 0x00000000a2900000| Untracked 
|  16|0x00000000a2a00000, 0x00000000a2a00000, 0x00000000a2b00000|  0%| F|  |TAMS 0x00000000a2a00000, 0x00000000a2a00000| Untracked 
|  17|0x00000000a2b00000, 0x00000000a2b00000, 0x00000000a2c00000|  0%| F|  |TAMS 0x00000000a2b00000, 0x00000000a2b00000| Untracked 
|  18|0x00000000a2c00000, 0x00000000a2c00000, 0x00000000a2d00000|  0%| F|  |TAMS 0x00000000a2c00000, 0x00000000a2c00000| Untracked 
|  19|0x00000000a2d00000, 0x00000000a2d00000, 0x00000000a2e00000|  0%| F|  |TAMS 0x00000000a2d00000, 0x00000000a2d00000| Untracked 
|  20|0x00000000a2e00000, 0x00000000a2e00000, 0x00000000a2f00000|  0%| F|  |TAMS 0x00000000a2e00000, 0x00000000a2e00000| Untracked 
|  21|0x00000000a2f00000, 0x00000000a2f00000, 0x00000000a3000000|  0%| F|  |TAMS 0x00000000a2f00000, 0x00000000a2f00000| Untracked 
|  22|0x00000000a3000000, 0x00000000a3000000, 0x00000000a3100000|  0%| F|  |TAMS 0x00000000a3000000, 0x00000000a3000000| Untracked 
|  23|0x00000000a3100000, 0x00000000a3100000, 0x00000000a3200000|  0%| F|  |TAMS 0x00000000a3100000, 0x00000000a3100000| Untracked 
|  24|0x00000000a3200000, 0x00000000a3200000, 0x00000000a3300000|  0%| F|  |TAMS 0x00000000a3200000, 0x00000000a3200000| Untracked 
|  25|0x00000000a3300000, 0x00000000a3300000, 0x00000000a3400000|  0%| F|  |TAMS 0x00000000a3300000, 0x00000000a3300000| Untracked 
|  26|0x00000000a3400000, 0x00000000a3400000, 0x00000000a3500000|  0%| F|  |TAMS 0x00000000a3400000, 0x00000000a3400000| Untracked 
|  27|0x00000000a3500000, 0x00000000a3500000, 0x00000000a3600000|  0%| F|  |TAMS 0x00000000a3500000, 0x00000000a3500000| Untracked 
|  28|0x00000000a3600000, 0x00000000a3600000, 0x00000000a3700000|  0%| F|  |TAMS 0x00000000a3600000, 0x00000000a3600000| Untracked 
|  29|0x00000000a3700000, 0x00000000a3700000, 0x00000000a3800000|  0%| F|  |TAMS 0x00000000a3700000, 0x00000000a3700000| Untracked 
|  30|0x00000000a3800000, 0x00000000a3800000, 0x00000000a3900000|  0%| F|  |TAMS 0x00000000a3800000, 0x00000000a3800000| Untracked 
|  31|0x00000000a3900000, 0x00000000a3900000, 0x00000000a3a00000|  0%| F|  |TAMS 0x00000000a3900000, 0x00000000a3900000| Untracked 
|  32|0x00000000a3a00000, 0x00000000a3a00000, 0x00000000a3b00000|  0%| F|  |TAMS 0x00000000a3a00000, 0x00000000a3a00000| Untracked 
|  33|0x00000000a3b00000, 0x00000000a3b00000, 0x00000000a3c00000|  0%| F|  |TAMS 0x00000000a3b00000, 0x00000000a3b00000| Untracked 
|  34|0x00000000a3c00000, 0x00000000a3c00000, 0x00000000a3d00000|  0%| F|  |TAMS 0x00000000a3c00000, 0x00000000a3c00000| Untracked 
|  35|0x00000000a3d00000, 0x00000000a3d00000, 0x00000000a3e00000|  0%| F|  |TAMS 0x00000000a3d00000, 0x00000000a3d00000| Untracked 
|  36|0x00000000a3e00000, 0x00000000a3e00000, 0x00000000a3f00000|  0%| F|  |TAMS 0x00000000a3e00000, 0x00000000a3e00000| Untracked 
|  37|0x00000000a3f00000, 0x00000000a3f00000, 0x00000000a4000000|  0%| F|  |TAMS 0x00000000a3f00000, 0x00000000a3f00000| Untracked 
|  38|0x00000000a4000000, 0x00000000a4000000, 0x00000000a4100000|  0%| F|  |TAMS 0x00000000a4000000, 0x00000000a4000000| Untracked 
|  39|0x00000000a4100000, 0x00000000a4100000, 0x00000000a4200000|  0%| F|  |TAMS 0x00000000a4100000, 0x00000000a4100000| Untracked 
|  40|0x00000000a4200000, 0x00000000a4200000, 0x00000000a4300000|  0%| F|  |TAMS 0x00000000a4200000, 0x00000000a4200000| Untracked 
|  41|0x00000000a4300000, 0x00000000a4300000, 0x00000000a4400000|  0%| F|  |TAMS 0x00000000a4300000, 0x00000000a4300000| Untracked 
|  42|0x00000000a4400000, 0x00000000a4400000, 0x00000000a4500000|  0%| F|  |TAMS 0x00000000a4400000, 0x00000000a4400000| Untracked 
|  43|0x00000000a4500000, 0x00000000a4500000, 0x00000000a4600000|  0%| F|  |TAMS 0x00000000a4500000, 0x00000000a4500000| Untracked 
|  44|0x00000000a4600000, 0x00000000a4600000, 0x00000000a4700000|  0%| F|  |TAMS 0x00000000a4600000, 0x00000000a4600000| Untracked 
|  45|0x00000000a4700000, 0x00000000a4700000, 0x00000000a4800000|  0%| F|  |TAMS 0x00000000a4700000, 0x00000000a4700000| Untracked 
|  46|0x00000000a4800000, 0x00000000a4800000, 0x00000000a4900000|  0%| F|  |TAMS 0x00000000a4800000, 0x00000000a4800000| Untracked 
|  47|0x00000000a4900000, 0x00000000a4900000, 0x00000000a4a00000|  0%| F|  |TAMS 0x00000000a4900000, 0x00000000a4900000| Untracked 
|  48|0x00000000a4a00000, 0x00000000a4a00000, 0x00000000a4b00000|  0%| F|  |TAMS 0x00000000a4a00000, 0x00000000a4a00000| Untracked 
|  49|0x00000000a4b00000, 0x00000000a4b00000, 0x00000000a4c00000|  0%| F|  |TAMS 0x00000000a4b00000, 0x00000000a4b00000| Untracked 
|  50|0x00000000a4c00000, 0x00000000a4c00000, 0x00000000a4d00000|  0%| F|  |TAMS 0x00000000a4c00000, 0x00000000a4c00000| Untracked 
|  51|0x00000000a4d00000, 0x00000000a4d00000, 0x00000000a4e00000|  0%| F|  |TAMS 0x00000000a4d00000, 0x00000000a4d00000| Untracked 
|  52|0x00000000a4e00000, 0x00000000a4e00000, 0x00000000a4f00000|  0%| F|  |TAMS 0x00000000a4e00000, 0x00000000a4e00000| Untracked 
|  53|0x00000000a4f00000, 0x00000000a4f00000, 0x00000000a5000000|  0%| F|  |TAMS 0x00000000a4f00000, 0x00000000a4f00000| Untracked 
|  54|0x00000000a5000000, 0x00000000a5000000, 0x00000000a5100000|  0%| F|  |TAMS 0x00000000a5000000, 0x00000000a5000000| Untracked 
|  55|0x00000000a5100000, 0x00000000a5100000, 0x00000000a5200000|  0%| F|  |TAMS 0x00000000a5100000, 0x00000000a5100000| Untracked 
|  56|0x00000000a5200000, 0x00000000a5200000, 0x00000000a5300000|  0%| F|  |TAMS 0x00000000a5200000, 0x00000000a5200000| Untracked 
|  57|0x00000000a5300000, 0x00000000a5300000, 0x00000000a5400000|  0%| F|  |TAMS 0x00000000a5300000, 0x00000000a5300000| Untracked 
|  58|0x00000000a5400000, 0x00000000a5400000, 0x00000000a5500000|  0%| F|  |TAMS 0x00000000a5400000, 0x00000000a5400000| Untracked 
|  59|0x00000000a5500000, 0x00000000a5500000, 0x00000000a5600000|  0%| F|  |TAMS 0x00000000a5500000, 0x00000000a5500000| Untracked 
|  60|0x00000000a5600000, 0x00000000a5600000, 0x00000000a5700000|  0%| F|  |TAMS 0x00000000a5600000, 0x00000000a5600000| Untracked 
|  61|0x00000000a5700000, 0x00000000a5700000, 0x00000000a5800000|  0%| F|  |TAMS 0x00000000a5700000, 0x00000000a5700000| Untracked 
|  62|0x00000000a5800000, 0x00000000a5800000, 0x00000000a5900000|  0%| F|  |TAMS 0x00000000a5800000, 0x00000000a5800000| Untracked 
|  63|0x00000000a5900000, 0x00000000a5900000, 0x00000000a5a00000|  0%| F|  |TAMS 0x00000000a5900000, 0x00000000a5900000| Untracked 
|  64|0x00000000a5a00000, 0x00000000a5a00000, 0x00000000a5b00000|  0%| F|  |TAMS 0x00000000a5a00000, 0x00000000a5a00000| Untracked 
|  65|0x00000000a5b00000, 0x00000000a5b00000, 0x00000000a5c00000|  0%| F|  |TAMS 0x00000000a5b00000, 0x00000000a5b00000| Untracked 
|  66|0x00000000a5c00000, 0x00000000a5c00000, 0x00000000a5d00000|  0%| F|  |TAMS 0x00000000a5c00000, 0x00000000a5c00000| Untracked 
|  67|0x00000000a5d00000, 0x00000000a5d00000, 0x00000000a5e00000|  0%| F|  |TAMS 0x00000000a5d00000, 0x00000000a5d00000| Untracked 
|  68|0x00000000a5e00000, 0x00000000a5e00000, 0x00000000a5f00000|  0%| F|  |TAMS 0x00000000a5e00000, 0x00000000a5e00000| Untracked 
|  69|0x00000000a5f00000, 0x00000000a5f00000, 0x00000000a6000000|  0%| F|  |TAMS 0x00000000a5f00000, 0x00000000a5f00000| Untracked 
|  70|0x00000000a6000000, 0x00000000a6000000, 0x00000000a6100000|  0%| F|  |TAMS 0x00000000a6000000, 0x00000000a6000000| Untracked 
|  71|0x00000000a6100000, 0x00000000a6100000, 0x00000000a6200000|  0%| F|  |TAMS 0x00000000a6100000, 0x00000000a6100000| Untracked 
|  72|0x00000000a6200000, 0x00000000a6200000, 0x00000000a6300000|  0%| F|  |TAMS 0x00000000a6200000, 0x00000000a6200000| Untracked 
|  73|0x00000000a6300000, 0x00000000a6300000, 0x00000000a6400000|  0%| F|  |TAMS 0x00000000a6300000, 0x00000000a6300000| Untracked 
|  74|0x00000000a6400000, 0x00000000a6400000, 0x00000000a6500000|  0%| F|  |TAMS 0x00000000a6400000, 0x00000000a6400000| Untracked 
|  75|0x00000000a6500000, 0x00000000a6500000, 0x00000000a6600000|  0%| F|  |TAMS 0x00000000a6500000, 0x00000000a6500000| Untracked 
|  76|0x00000000a6600000, 0x00000000a6600000, 0x00000000a6700000|  0%| F|  |TAMS 0x00000000a6600000, 0x00000000a6600000| Untracked 
|  77|0x00000000a6700000, 0x00000000a6700000, 0x00000000a6800000|  0%| F|  |TAMS 0x00000000a6700000, 0x00000000a6700000| Untracked 
|  78|0x00000000a6800000, 0x00000000a6800000, 0x00000000a6900000|  0%| F|  |TAMS 0x00000000a6800000, 0x00000000a6800000| Untracked 
|  79|0x00000000a6900000, 0x00000000a6900000, 0x00000000a6a00000|  0%| F|  |TAMS 0x00000000a6900000, 0x00000000a6900000| Untracked 
|  80|0x00000000a6a00000, 0x00000000a6a00000, 0x00000000a6b00000|  0%| F|  |TAMS 0x00000000a6a00000, 0x00000000a6a00000| Untracked 
|  81|0x00000000a6b00000, 0x00000000a6b00000, 0x00000000a6c00000|  0%| F|  |TAMS 0x00000000a6b00000, 0x00000000a6b00000| Untracked 
|  82|0x00000000a6c00000, 0x00000000a6c00000, 0x00000000a6d00000|  0%| F|  |TAMS 0x00000000a6c00000, 0x00000000a6c00000| Untracked 
|  83|0x00000000a6d00000, 0x00000000a6d00000, 0x00000000a6e00000|  0%| F|  |TAMS 0x00000000a6d00000, 0x00000000a6d00000| Untracked 
|  84|0x00000000a6e00000, 0x00000000a6e00000, 0x00000000a6f00000|  0%| F|  |TAMS 0x00000000a6e00000, 0x00000000a6e00000| Untracked 
|  85|0x00000000a6f00000, 0x00000000a6f00000, 0x00000000a7000000|  0%| F|  |TAMS 0x00000000a6f00000, 0x00000000a6f00000| Untracked 
|  86|0x00000000a7000000, 0x00000000a7000000, 0x00000000a7100000|  0%| F|  |TAMS 0x00000000a7000000, 0x00000000a7000000| Untracked 
|  87|0x00000000a7100000, 0x00000000a7100000, 0x00000000a7200000|  0%| F|  |TAMS 0x00000000a7100000, 0x00000000a7100000| Untracked 
|  88|0x00000000a7200000, 0x00000000a7200000, 0x00000000a7300000|  0%| F|  |TAMS 0x00000000a7200000, 0x00000000a7200000| Untracked 
|  89|0x00000000a7300000, 0x00000000a7300000, 0x00000000a7400000|  0%| F|  |TAMS 0x00000000a7300000, 0x00000000a7300000| Untracked 
|  90|0x00000000a7400000, 0x00000000a7400000, 0x00000000a7500000|  0%| F|  |TAMS 0x00000000a7400000, 0x00000000a7400000| Untracked 
|  91|0x00000000a7500000, 0x00000000a7500000, 0x00000000a7600000|  0%| F|  |TAMS 0x00000000a7500000, 0x00000000a7500000| Untracked 
|  92|0x00000000a7600000, 0x00000000a7643120, 0x00000000a7700000| 26%| E|  |TAMS 0x00000000a7600000, 0x00000000a7600000| Complete 
|  93|0x00000000a7700000, 0x00000000a7800000, 0x00000000a7800000|100%| E|CS|TAMS 0x00000000a7700000, 0x00000000a7700000| Complete 
|  94|0x00000000a7800000, 0x00000000a7900000, 0x00000000a7900000|100%| E|CS|TAMS 0x00000000a7800000, 0x00000000a7800000| Complete 
|  95|0x00000000a7900000, 0x00000000a7a00000, 0x00000000a7a00000|100%| E|CS|TAMS 0x00000000a7900000, 0x00000000a7900000| Complete 

Card table byte_map: [0x0000026256290000,0x0000026256590000] _byte_map_base: 0x0000026255d83000

Marking Bits (Prev, Next): (CMBitMap*) 0x000002624384f300, (CMBitMap*) 0x000002624384f340
 Prev Bits: [0x0000026256890000, 0x0000026258028000)
 Next Bits: [0x0000026258030000, 0x00000262597c8000)

Polling page: 0x0000026242fc0000

Metaspace:

Usage:
  Non-class:      7.50 MB used.
      Class:    751.34 KB used.
       Both:      8.23 MB used.

Virtual space:
  Non-class space:       64.00 MB reserved,       7.56 MB ( 12%) committed,  1 nodes.
      Class space:        1.00 GB reserved,     832.00 KB ( <1%) committed,  1 nodes.
             Both:        1.06 GB reserved,       8.38 MB ( <1%) committed. 

Chunk freelists:
   Non-Class:  8.44 MB
       Class:  15.23 MB
        Both:  23.66 MB

MaxMetaspaceSize: unlimited
CompressedClassSpaceSize: 1.00 GB
Initial GC threshold: 21.00 MB
Current GC threshold: 21.00 MB
CDS: off
MetaspaceReclaimPolicy: balanced
 - commit_granule_bytes: 65536.
 - commit_granule_words: 8192.
 - virtual_space_node_default_size: 8388608.
 - enlarge_chunks_in_place: 1.
 - new_chunks_are_fully_committed: 0.
 - uncommit_free_chunks: 1.
 - use_allocation_guard: 0.
 - handle_deallocations: 1.


Internal statistics:

num_allocs_failed_limit: 0.
num_arena_births: 8.
num_arena_deaths: 0.
num_vsnodes_births: 2.
num_vsnodes_deaths: 0.
num_space_committed: 134.
num_space_uncommitted: 0.
num_chunks_returned_to_freelist: 0.
num_chunks_taken_from_freelist: 35.
num_chunk_merges: 0.
num_chunk_splits: 17.
num_chunks_enlarged: 9.
num_inconsistent_stats: 0.

CodeHeap 'non-profiled nmethods': size=120000Kb used=71Kb max_used=71Kb free=119928Kb
 bounds [0x000002624ea60000, 0x000002624ecd0000, 0x0000026255f90000]
CodeHeap 'profiled nmethods': size=120000Kb used=339Kb max_used=339Kb free=119660Kb
 bounds [0x0000026246f90000, 0x0000026247200000, 0x000002624e4c0000]
CodeHeap 'non-nmethods': size=5760Kb used=1129Kb max_used=1141Kb free=4630Kb
 bounds [0x000002624e4c0000, 0x000002624e730000, 0x000002624ea60000]
 total_blobs=669 nmethods=254 adapters=328
 compilation: enabled
              stopped_count=0, restarted_count=0
 full_count=0

Compilation events (20 events):
Event: 1.237 Thread 0x000002625bcb2ac0 nmethod 242 0x000002624ea70d10 code [0x000002624ea70e80, 0x000002624ea70fb8]
Event: 1.237 Thread 0x000002625bcb2ac0  246       4       java.lang.AbstractStringBuilder::ensureCapacityInternal (39 bytes)
Event: 1.237 Thread 0x000002625bcb33d0 nmethod 244 0x0000026246fe0190 code [0x0000026246fe04e0, 0x0000026246fe1e88]
Event: 1.237 Thread 0x000002625bcb33d0  245       3       java.security.Provider::getEngineName (49 bytes)
Event: 1.238 Thread 0x000002625bcb33d0 nmethod 245 0x0000026246fe2590 code [0x0000026246fe27c0, 0x0000026246fe3038]
Event: 1.239 Thread 0x000002625bcb33d0  247       3       java.util.Collections$EmptyList::iterator (4 bytes)
Event: 1.239 Thread 0x000002625bcb33d0 nmethod 247 0x0000026246fe3290 code [0x0000026246fe3420, 0x0000026246fe3598]
Event: 1.241 Thread 0x000002625bcb2ac0 nmethod 246 0x000002624ea71010 code [0x000002624ea711a0, 0x000002624ea71638]
Event: 1.242 Thread 0x000002625bcb33d0  248       3       java.security.Provider$UString::hashCode (8 bytes)
Event: 1.243 Thread 0x000002625bcb33d0 nmethod 248 0x0000026246fe3690 code [0x0000026246fe3840, 0x0000026246fe3988]
Event: 1.243 Thread 0x000002625bcb33d0  249       3       java.lang.StringBuilder::append (9 bytes)
Event: 1.243 Thread 0x000002625bcb33d0 nmethod 249 0x0000026246fe3a90 code [0x0000026246fe3c60, 0x0000026246fe3f98]
Event: 1.244 Thread 0x000002625bcb33d0  250       3       sun.nio.fs.WindowsPathParser::isInvalidPathChar (22 bytes)
Event: 1.244 Thread 0x000002625bcb33d0 nmethod 250 0x0000026246fe4110 code [0x0000026246fe42e0, 0x0000026246fe4628]
Event: 1.247 Thread 0x000002625bcb33d0  252       3       jdk.internal.org.objectweb.asm.SymbolTable::get (13 bytes)
Event: 1.247 Thread 0x000002625bcb33d0 nmethod 252 0x0000026246fe4790 code [0x0000026246fe4920, 0x0000026246fe4a78]
Event: 1.247 Thread 0x000002625bcb33d0  253       1       java.lang.invoke.MethodType::form (5 bytes)
Event: 1.247 Thread 0x000002625bcb33d0 nmethod 253 0x000002624ea71b10 code [0x000002624ea71ca0, 0x000002624ea71d78]
Event: 1.247 Thread 0x000002625bcb33d0  254       3       java.util.regex.Pattern::has (15 bytes)
Event: 1.247 Thread 0x000002625bcb33d0 nmethod 254 0x0000026246fe4b90 code [0x0000026246fe4d20, 0x0000026246fe4e98]

GC Heap History (0 events):
No events

Dll operation events (1 events):
Event: 0.046 Loaded shared library C:\Program Files\JetBrains\PhpStorm 2024.1.4\jbr\bin\java.dll

Deoptimization events (0 events):
No events

Classes unloaded (0 events):
No events

Classes redefined (0 events):
No events

Internal exceptions (1 events):
Event: 1.245 Thread 0x0000026243803ec0 Exception <a 'sun/nio/fs/WindowsException'{0x00000000a77fa290}> (0x00000000a77fa290) 
thrown [s\src\hotspot\share\prims\jni.cpp, line 531]

VM Operations (4 events):
Event: 0.644 Executing VM operation: HandshakeAllThreads
Event: 0.644 Executing VM operation: HandshakeAllThreads done
Event: 0.708 Executing VM operation: HandshakeAllThreads
Event: 0.708 Executing VM operation: HandshakeAllThreads done

Events (20 events):
Event: 1.251 loading class java/nio/channels/WritableByteChannel done
Event: 1.251 loading class java/nio/channels/ByteChannel done
Event: 1.251 loading class java/nio/channels/SeekableByteChannel done
Event: 1.251 loading class java/nio/channels/GatheringByteChannel
Event: 1.251 loading class java/nio/channels/GatheringByteChannel done
Event: 1.251 loading class java/nio/channels/ScatteringByteChannel
Event: 1.251 loading class java/nio/channels/ScatteringByteChannel done
Event: 1.251 loading class java/nio/channels/spi/AbstractInterruptibleChannel
Event: 1.251 loading class java/nio/channels/InterruptibleChannel
Event: 1.251 loading class java/nio/channels/InterruptibleChannel done
Event: 1.251 loading class java/nio/channels/spi/AbstractInterruptibleChannel done
Event: 1.251 loading class java/nio/channels/FileChannel done
Event: 1.251 loading class sun/nio/ch/FileChannelImpl done
Event: 1.252 loading class sun/nio/ch/IOUtil
Event: 1.252 loading class sun/nio/ch/IOUtil done
Event: 1.255 loading class sun/nio/ch/NativeThreadSet
Event: 1.255 loading class sun/nio/ch/NativeThreadSet done
Event: 1.255 loading class sun/nio/ch/FileDispatcherImpl
Event: 1.255 loading class sun/nio/ch/FileDispatcher
Event: 1.255 loading class sun/nio/ch/NativeDispatcher


Dynamic libraries:
0x00007ff6fda40000 - 0x00007ff6fda4a000 	C:\Program Files\JetBrains\PhpStorm 2024.1.4\jbr\bin\java.exe
0x00007ffea8290000 - 0x00007ffea8488000 	C:\WINDOWS\SYSTEM32\ntdll.dll
0x00007ffea7c70000 - 0x00007ffea7d31000 	C:\WINDOWS\System32\KERNEL32.DLL
0x00007ffea5f90000 - 0x00007ffea6286000 	C:\WINDOWS\System32\KERNELBASE.dll
0x00007ffea5cd0000 - 0x00007ffea5dd0000 	C:\WINDOWS\System32\ucrtbase.dll
0x00007ffe72820000 - 0x00007ffe72837000 	C:\Program Files\JetBrains\PhpStorm 2024.1.4\jbr\bin\jli.dll
0x00007ffea7a60000 - 0x00007ffea7bff000 	C:\WINDOWS\System32\USER32.dll
0x00007ffea59b0000 - 0x00007ffea59d2000 	C:\WINDOWS\System32\win32u.dll
0x00007ffea63c0000 - 0x00007ffea63eb000 	C:\WINDOWS\System32\GDI32.dll
0x00007ffea5dd0000 - 0x00007ffea5ee7000 	C:\WINDOWS\System32\gdi32full.dll
0x00007ffea5910000 - 0x00007ffea59ad000 	C:\WINDOWS\System32\msvcp_win.dll
0x00007ffe89e40000 - 0x00007ffe89e5b000 	C:\Program Files\JetBrains\PhpStorm 2024.1.4\jbr\bin\VCRUNTIME140.dll
0x00007ffe927c0000 - 0x00007ffe92a5a000 	C:\WINDOWS\WinSxS\amd64_microsoft.windows.common-controls_6595b64144ccf1df_6.0.19041.4355_none_60b8b9eb71f62e16\COMCTL32.dll
0x00007ffea6680000 - 0x00007ffea671e000 	C:\WINDOWS\System32\msvcrt.dll
0x00007ffea7db0000 - 0x00007ffea7ddf000 	C:\WINDOWS\System32\IMM32.DLL
0x00007ffe7a730000 - 0x00007ffe7a73c000 	C:\Program Files\JetBrains\PhpStorm 2024.1.4\jbr\bin\vcruntime140_1.dll
0x00007ffe5c180000 - 0x00007ffe5c20d000 	C:\Program Files\JetBrains\PhpStorm 2024.1.4\jbr\bin\msvcp140.dll
0x00007ffdf0ad0000 - 0x00007ffdf1753000 	C:\Program Files\JetBrains\PhpStorm 2024.1.4\jbr\bin\server\jvm.dll
0x00007ffea7900000 - 0x00007ffea79b0000 	C:\WINDOWS\System32\ADVAPI32.dll
0x00007ffea8180000 - 0x00007ffea8220000 	C:\WINDOWS\System32\sechost.dll
0x00007ffea6290000 - 0x00007ffea63b3000 	C:\WINDOWS\System32\RPCRT4.dll
0x00007ffea5f60000 - 0x00007ffea5f87000 	C:\WINDOWS\System32\bcrypt.dll
0x00007ffea4e00000 - 0x00007ffea4e4b000 	C:\WINDOWS\SYSTEM32\POWRPROF.dll
0x00007ffe8b050000 - 0x00007ffe8b059000 	C:\WINDOWS\SYSTEM32\WSOCK32.dll
0x00007ffea7d40000 - 0x00007ffea7dab000 	C:\WINDOWS\System32\WS2_32.dll
0x00007ffe93a70000 - 0x00007ffe93a97000 	C:\WINDOWS\SYSTEM32\WINMM.dll
0x00007ffe9d8d0000 - 0x00007ffe9d8da000 	C:\WINDOWS\SYSTEM32\VERSION.dll
0x00007ffea4cd0000 - 0x00007ffea4ce2000 	C:\WINDOWS\SYSTEM32\UMPDC.dll
0x00007ffea3930000 - 0x00007ffea3942000 	C:\WINDOWS\SYSTEM32\kernel.appcore.dll
0x00007ffe9f470000 - 0x00007ffe9f47a000 	C:\Program Files\JetBrains\PhpStorm 2024.1.4\jbr\bin\jimage.dll
0x00007ffea34b0000 - 0x00007ffea3694000 	C:\WINDOWS\SYSTEM32\DBGHELP.DLL
0x00007ffe87cb0000 - 0x00007ffe87ce4000 	C:\WINDOWS\SYSTEM32\dbgcore.DLL
0x00007ffea5b40000 - 0x00007ffea5bc2000 	C:\WINDOWS\System32\bcryptPrimitives.dll
0x00007ffe745b0000 - 0x00007ffe745d5000 	C:\Program Files\JetBrains\PhpStorm 2024.1.4\jbr\bin\java.dll
0x00007ffe86460000 - 0x00007ffe86478000 	C:\Program Files\JetBrains\PhpStorm 2024.1.4\jbr\bin\zip.dll
0x00007ffea6720000 - 0x00007ffea6e8c000 	C:\WINDOWS\System32\SHELL32.dll
0x00007ffea3950000 - 0x00007ffea40ee000 	C:\WINDOWS\SYSTEM32\windows.storage.dll
0x00007ffea75a0000 - 0x00007ffea78f3000 	C:\WINDOWS\System32\combase.dll
0x00007ffea5330000 - 0x00007ffea535e000 	C:\WINDOWS\SYSTEM32\Wldp.dll
0x00007ffea8020000 - 0x00007ffea80ed000 	C:\WINDOWS\System32\OLEAUT32.dll
0x00007ffea79b0000 - 0x00007ffea7a5d000 	C:\WINDOWS\System32\SHCORE.dll
0x00007ffea7c00000 - 0x00007ffea7c55000 	C:\WINDOWS\System32\shlwapi.dll
0x00007ffea5840000 - 0x00007ffea5864000 	C:\WINDOWS\SYSTEM32\profapi.dll
0x00007ffe84760000 - 0x00007ffe84779000 	C:\Program Files\JetBrains\PhpStorm 2024.1.4\jbr\bin\net.dll
0x00007ffe9c8a0000 - 0x00007ffe9c9aa000 	C:\WINDOWS\SYSTEM32\WINHTTP.dll
0x00007ffea5070000 - 0x00007ffea50da000 	C:\WINDOWS\system32\mswsock.dll
0x00007ffe82f40000 - 0x00007ffe82f56000 	C:\Program Files\JetBrains\PhpStorm 2024.1.4\jbr\bin\nio.dll
0x00007ffe9c360000 - 0x00007ffe9c36e000 	C:\Program Files\JetBrains\PhpStorm 2024.1.4\jbr\bin\sunmscapi.dll
0x00007ffea59e0000 - 0x00007ffea5b3e000 	C:\WINDOWS\System32\CRYPT32.dll
0x00007ffea53a0000 - 0x00007ffea53c9000 	C:\WINDOWS\SYSTEM32\ncrypt.dll
0x00007ffea5360000 - 0x00007ffea539b000 	C:\WINDOWS\SYSTEM32\NTASN1.dll

dbghelp: loaded successfully - version: 4.0.5 - missing functions: none
symbol engine: initialized successfully - sym options: 0x614 - pdb path: .;C:\Program Files\JetBrains\PhpStorm 2024.1.4\jbr\bin;C:\WINDOWS\SYSTEM32;C:\WINDOWS\WinSxS\amd64_microsoft.windows.common-controls_6595b64144ccf1df_6.0.19041.4355_none_60b8b9eb71f62e16;C:\Program Files\JetBrains\PhpStorm 2024.1.4\jbr\bin\server

VM Arguments:
java_command: git4idea.http.GitAskPassApp Username for 'https://github.com': 
java_class_path (initial): C:/Program Files/JetBrains/PhpStorm 2024.1.4/plugins/vcs-git/lib/git4idea-rt.jar;C:/Program Files/JetBrains/PhpStorm 2024.1.4/lib/externalProcess-rt.jar
Launcher Type: SUN_STANDARD

[Global flags]
     intx CICompilerCount                          = 3                                         {product} {ergonomic}
     uint ConcGCThreads                            = 1                                         {product} {ergonomic}
     uint G1ConcRefinementThreads                  = 4                                         {product} {ergonomic}
   size_t G1HeapRegionSize                         = 1048576                                   {product} {ergonomic}
    uintx GCDrainStackTargetSize                   = 64                                        {product} {ergonomic}
   size_t InitialHeapSize                          = 100663296                                 {product} {ergonomic}
   size_t MarkStackSize                            = 4194304                                   {product} {ergonomic}
   size_t MaxHeapSize                              = 1583349760                                {product} {ergonomic}
   size_t MaxNewSize                               = 950009856                                 {product} {ergonomic}
   size_t MinHeapDeltaBytes                        = 1048576                                   {product} {ergonomic}
   size_t MinHeapSize                              = 8388608                                   {product} {ergonomic}
    uintx NonNMethodCodeHeapSize                   = 5832780                                {pd product} {ergonomic}
    uintx NonProfiledCodeHeapSize                  = 122912730                              {pd product} {ergonomic}
    uintx ProfiledCodeHeapSize                     = 122912730                              {pd product} {ergonomic}
    uintx ReservedCodeCacheSize                    = 251658240                              {pd product} {ergonomic}
     bool SegmentedCodeCache                       = true                                      {product} {ergonomic}
   size_t SoftMaxHeapSize                          = 1583349760                             {manageable} {ergonomic}
     bool UseCompressedClassPointers               = true                           {product lp64_product} {ergonomic}
     bool UseCompressedOops                        = true                           {product lp64_product} {ergonomic}
     bool UseG1GC                                  = true                                      {product} {ergonomic}
     bool UseLargePagesIndividualAllocation        = false                                  {pd product} {ergonomic}

Logging:
Log output configuration:
 #0: stdout all=warning uptime,level,tags
 #1: stderr all=off uptime,level,tags

Environment Variables:
JAVA_HOME=C:\Installations\jdk-17.0.2
PATH=C:/Program Files/Git/mingw64/libexec/git-core;C:/Program Files/Git/mingw64/libexec/git-core;C:\Program Files\Git\mingw64\bin;C:\Program Files\Git\usr\bin;C:\Users\abdal\bin;C:\Program Files (x86)\Intel\iCLS Client\;C:\Program Files\Intel\iCLS Client\;C:\windows\system32;C:\windows;C:\windows\System32\Wbem;C:\windows\System32\WindowsPowerShell\v1.0\;C:\Program Files (x86)\Intel\Intel(R) Management Engine Components\DAL;C:\Program Files\Intel\Intel(R) Management Engine Components\DAL;C:\Program Files (x86)\Intel\Intel(R) Management Engine Components\IPT;C:\Program Files\Intel\Intel(R) Management Engine Components\IPT;c:\Program Files\Intel\WiFi\bin\;c:\Program Files\Common Files\Intel\WirelessCommon\;C:\WINDOWS\system32;C:\WINDOWS;C:\WINDOWS\System32\Wbem;C:\WINDOWS\System32\WindowsPowerShell\v1.0\;C:\WINDOWS\System32\OpenSSH\;C:\Program Files (x86)\NVIDIA Corporation\PhysX\Common;C:\Program Files\NVIDIA Corporation\NVIDIA NvDLISR;C:\Program Files (x86)\dotnet\;C:\Program Files\nodejs\;C:\Program Files (x86)\Microsoft SQL Server\160\Tools\Binn\;C:\Program Files\Microsoft SQL Server\160\Tools\Binn\;C:\Program Files\Microsoft SQL Server\Client SDK\ODBC\170\Tools\Binn\;C:\Program Files\Microsoft SQL Server\160\DTS\Binn\;C:\Program Files (x86)\Microsoft SQL Server\160\DTS\Binn\;C:\Gradle-7.6.4\bin;C:\Program Files\Docker\Docker\resources\bin;C:\wamp64\bin\php\php8.2.18;C:\ProgramData\ComposerSetup\bin;C:\Program Files\dotnet\;C:\Program Files\Git\cmd;C:\Users\abdal\scoop\shims;C:\Installations\jdk-17.0.2\bin;C:\Gradle-7.6.4\bin;C:\Users\abdal\AppData\Local\Microsoft\WindowsApps;C:\Users\abdal\AppData\Local\Programs\Microsoft VS Code\bin;C:\Installations\jdk1.8.0_144\bin;C:\Users\abdal\AppData\Roaming\npm;C:\Users\abdal\AppData\Local\GitHubDesktop\bin;C:\Program Files\JetBrains\WebStorm 2024.1.5\bin;C:\Program Files\JetBrains\PhpStorm 2024.1.4\bin;C:\Users\abdal\AppData\Local\JetBrains\Toolbox\scripts;C:\Users\abdal\AppData\Roaming\Composer\vendor\bin
USERNAME=abdal
DISPLAY=:0.0
LC_ALL=en_US.UTF-8
TERM=xterm-256color
TMPDIR=C:\Users\abdal\AppData\Local\Temp
OS=Windows_NT
PROCESSOR_IDENTIFIER=Intel64 Family 6 Model 94 Stepping 3, GenuineIntel
TMP=C:\Users\abdal\AppData\Local\Temp
TEMP=C:\Users\abdal\AppData\Local\Temp



Periodic native trim disabled

JNI global refs:
JNI global refs: 7, weak refs: 0

JNI global refs memory usage: 843, weak refs: 209

Process memory usage:
Resident Set Size: 41300K (0% of 6178720K total physical memory with 262916K free physical memory)

OOME stack traces (most recent first):
Classloader memory used:
Loader bootstrap                                                                       : 1035K
Loader jdk.internal.loader.ClassLoaders$PlatformClassLoader                            : 17202B
Loader jdk.internal.loader.ClassLoaders$AppClassLoader                                 : 1808B


---------------  S Y S T E M  ---------------

OS:
 Windows 10 , 64 bit Build 19041 (10.0.19041.4597)
OS uptime: 22 days 11:35 hours
Hyper-V role detected

CPU: total 4 (initial active 4) (4 cores per cpu, 1 threads per core) family 6 model 94 stepping 3 microcode 0xcc, cx8, cmov, fxsr, mmx, 3dnowpref, sse, sse2, sse3, ssse3, sse4.1, sse4.2, popcnt, lzcnt, tsc, tscinvbit, avx, avx2, aes, erms, clmul, bmi1, bmi2, rtm, adx, fma, vzeroupper, clflush, clflushopt, hv
Processor Information for all 4 processors :
  Max Mhz: 2304, Current Mhz: 2304, Mhz Limit: 2304

Memory: 4k page, system-wide physical 6033M (254M free)
TotalPageFile size 24465M (AvailPageFile size 0M)
current process WorkingSet (physical memory assigned to process): 40M, peak: 40M
current process commit charge ("private bytes"): 167M, peak: 168M

vm_info: OpenJDK 64-Bit Server VM (17.0.11+1-b1207.24) for windows-amd64 JRE (17.0.11+1-b1207.24), built on 2024-05-15 by "builduser" with MS VC++ 16.10 / 16.11 (VS2019)

END.
